::1 - - [07/Sep/2023:16:03:21 +0000] "GET /user/filter/not_verified/1 HTTP/1.1" 200 67652 "-" "PostmanRuntime/7.32.2"
::1 - - [07/Sep/2023:16:15:14 +0000] "GET /user/getone/5454 HTTP/1.1" 200 682 "-" "PostmanRuntime/7.32.2"
::1 - - [07/Sep/2023:16:15:14 +0000] "GET /user/getone/5454 HTTP/1.1" 200 682 "-" "PostmanRuntime/7.32.2"
::1 - - [07/Sep/2023:16:15:18 +0000] "DELETE /user/delete/5454 HTTP/1.1" 200 39 "-" "PostmanRuntime/7.32.2"
::1 - - [07/Sep/2023:16:15:18 +0000] "DELETE /user/delete/5454 HTTP/1.1" 200 39 "-" "PostmanRuntime/7.32.2"
::1 - - [07/Sep/2023:16:15:21 +0000] "DELETE /user/delete/5454 HTTP/1.1" 200 42 "-" "PostmanRuntime/7.32.2"
::1 - - [07/Sep/2023:16:15:21 +0000] "DELETE /user/delete/5454 HTTP/1.1" 200 42 "-" "PostmanRuntime/7.32.2"
::1 - - [07/Sep/2023:16:15:34 +0000] "POST /user/create HTTP/1.1" 201 39 "-" "PostmanRuntime/7.32.2"
::1 - - [07/Sep/2023:16:15:34 +0000] "POST /user/create HTTP/1.1" 201 39 "-" "PostmanRuntime/7.32.2"
::1 - - [07/Sep/2023:16:15:43 +0000] "GET /user/getone/5454 HTTP/1.1" 200 687 "-" "PostmanRuntime/7.32.2"
::1 - - [07/Sep/2023:16:15:43 +0000] "GET /user/getone/5454 HTTP/1.1" 200 687 "-" "PostmanRuntime/7.32.2"
::1 - - [07/Sep/2023:16:15:51 +0000] "POST /user/create HTTP/1.1" 500 47 "-" "PostmanRuntime/7.32.2"
::1 - - [07/Sep/2023:16:15:51 +0000] "POST /user/create HTTP/1.1" 500 47 "-" "PostmanRuntime/7.32.2"
::1 - - [07/Sep/2023:16:17:17 +0000] "POST /user/create HTTP/1.1" 500 47 "-" "PostmanRuntime/7.32.2"
::1 - - [07/Sep/2023:16:17:17 +0000] "POST /user/create HTTP/1.1" 500 47 "-" "PostmanRuntime/7.32.2"
::1 - - [07/Sep/2023:16:17:32 +0000] "POST /user/create HTTP/1.1" 500 30 "-" "PostmanRuntime/7.32.2"
::1 - - [07/Sep/2023:16:17:32 +0000] "POST /user/create HTTP/1.1" 500 30 "-" "PostmanRuntime/7.32.2"
::1 - - [07/Sep/2023:16:19:43 +0000] "GET /user/get/1 HTTP/1.1" 201 67640 "-" "PostmanRuntime/7.32.2"
::1 - - [07/Sep/2023:16:19:43 +0000] "GET /user/get/1 HTTP/1.1" 201 67640 "-" "PostmanRuntime/7.32.2"
::1 - - [07/Sep/2023:16:21:36 +0000] "GET /user/get/1 HTTP/1.1" 201 67663 "-" "PostmanRuntime/7.32.2"
::1 - - [07/Sep/2023:16:21:36 +0000] "GET /user/get/1 HTTP/1.1" 201 67663 "-" "PostmanRuntime/7.32.2"
::1 - - [07/Sep/2023:16:21:59 +0000] "GET /user/get/2 HTTP/1.1" 201 67638 "-" "PostmanRuntime/7.32.2"
::1 - - [07/Sep/2023:16:21:59 +0000] "GET /user/get/2 HTTP/1.1" 201 67638 "-" "PostmanRuntime/7.32.2"
::1 - - [07/Sep/2023:16:22:21 +0000] "GET /user/get/15 HTTP/1.1" 201 67561 "-" "PostmanRuntime/7.32.2"
::1 - - [07/Sep/2023:16:22:21 +0000] "GET /user/get/15 HTTP/1.1" 201 67561 "-" "PostmanRuntime/7.32.2"
::1 - - [07/Sep/2023:16:22:28 +0000] "GET /user/get/1 HTTP/1.1" 201 67663 "-" "PostmanRuntime/7.32.2"
::1 - - [07/Sep/2023:16:22:28 +0000] "GET /user/get/1 HTTP/1.1" 201 67663 "-" "PostmanRuntime/7.32.2"
::1 - - [07/Sep/2023:16:28:16 +0000] "POST /user/create HTTP/1.1" 500 30 "-" "PostmanRuntime/7.32.2"
::1 - - [07/Sep/2023:16:28:16 +0000] "POST /user/create HTTP/1.1" 500 30 "-" "PostmanRuntime/7.32.2"
::1 - - [07/Sep/2023:16:28:38 +0000] "GET /user/get/1 HTTP/1.1" 201 67663 "-" "PostmanRuntime/7.32.2"
::1 - - [07/Sep/2023:16:28:38 +0000] "GET /user/get/1 HTTP/1.1" 201 67663 "-" "PostmanRuntime/7.32.2"
::1 - - [07/Sep/2023:16:28:42 +0000] "GET /user/get/8 HTTP/1.1" 201 67503 "-" "PostmanRuntime/7.32.2"
::1 - - [07/Sep/2023:16:28:42 +0000] "GET /user/get/8 HTTP/1.1" 201 67503 "-" "PostmanRuntime/7.32.2"
::1 - - [07/Sep/2023:16:30:00 +0000] "GET /user/filter/not_verified/1 HTTP/1.1" 200 67663 "-" "PostmanRuntime/7.32.2"
::1 - - [07/Sep/2023:16:30:00 +0000] "GET /user/filter/not_verified/1 HTTP/1.1" 200 67663 "-" "PostmanRuntime/7.32.2"
::1 - - [07/Sep/2023:16:30:03 +0000] "GET /user/filter/not_verified/1 HTTP/1.1" 200 67663 "-" "PostmanRuntime/7.32.2"
::1 - - [07/Sep/2023:16:30:03 +0000] "GET /user/filter/not_verified/1 HTTP/1.1" 200 67663 "-" "PostmanRuntime/7.32.2"
::1 - - [07/Sep/2023:16:37:02 +0000] "PATCH /user/update/5454 HTTP/1.1" 200 39 "-" "PostmanRuntime/7.32.2"
::1 - - [07/Sep/2023:16:37:02 +0000] "PATCH /user/update/5454 HTTP/1.1" 200 39 "-" "PostmanRuntime/7.32.2"
::1 - - [07/Sep/2023:16:37:05 +0000] "PATCH /user/update/5454 HTTP/1.1" 200 39 "-" "PostmanRuntime/7.32.2"
::1 - - [07/Sep/2023:16:37:05 +0000] "PATCH /user/update/5454 HTTP/1.1" 200 39 "-" "PostmanRuntime/7.32.2"
::1 - - [07/Sep/2023:16:37:10 +0000] "GET /user/getone/5454 HTTP/1.1" 200 687 "-" "PostmanRuntime/7.32.2"
::1 - - [07/Sep/2023:16:37:10 +0000] "GET /user/getone/5454 HTTP/1.1" 200 687 "-" "PostmanRuntime/7.32.2"
